{
  "RSpec": {
    "coverage": {
      "/home/admin/code/ruby/application-fcamc/app/helpers/application_helper.rb": [
        1,
        null
      ],
      "/home/admin/code/ruby/application-fcamc/app/helpers/sessions_helper.rb": [
        1,
        null
      ],
      "/home/admin/code/ruby/application-fcamc/app/helpers/users_helper.rb": [
        1,
        null
      ],
      "/home/admin/code/ruby/application-fcamc/app/helpers/welcome_helper.rb": [
        1,
        null
      ],
      "/home/admin/code/ruby/application-fcamc/app/models/user.rb": [
        null,
        null,
        null,
        null,
        null,
        null,
        null,
        null,
        null,
        null,
        null,
        null,
        null,
        null,
        null,
        null,
        null,
        null,
        null,
        null,
        null,
        null,
        1,
        1,
        null,
        1,
        1,
        null,
        1,
        1,
        1,
        1,
        null,
        1,
        1,
        null,
        1,
        null,
        1,
        0,
        null,
        null,
        1,
        5,
        5,
        5,
        null,
        null,
        null,
        1,
        13,
        null,
        null,
        1,
        5,
        null,
        null,
        1,
        3,
        null,
        null,
        1,
        5,
        null,
        null,
        1,
        5,
        0,
        0,
        null,
        null,
        null,
        1,
        5,
        null,
        null,
        1,
        10,
        null,
        null,
        1,
        10,
        10,
        10,
        null,
        10,
        null,
        null,
        1,
        5,
        null,
        null,
        1,
        null,
        1,
        5,
        null,
        null,
        null,
        null,
        null,
        null,
        null,
        null
      ]
    },
    "timestamp": 1432525882
  }
}
